<?xml version="1.0" encoding="UTF-8"?>
<testsuites name="Mocha Tests" time="22.269" tests="3" failures="3">
  <testsuite name="Root Suite" timestamp="2025-10-20T09:38:30" tests="3" file="cypress/e2e/EasyMap_TestLibrary/AT.D-2.cy.js" time="22.268" failures="3">
    <testcase name="AT.D-2-Celsius" time="0.000" classname="AT.D-2-Celsius">
      <failure message="Timed out retrying after 4000ms: Expected to find element: `#reka-popover-trigger-v-2`, but never found it." type="AssertionError"><![CDATA[AssertionError: Timed out retrying after 4000ms: Expected to find element: `#reka-popover-trigger-v-2`, but never found it.
    at Context.eval (webpack://em_cypress/./cypress/e2e/EasyMap_TestLibrary/AT.D-2.cy.js:10:5)]]></failure>
    </testcase>
    <testcase name="AT.D-2-Fahreneit" time="0.000" classname="AT.D-2-Fahreneit">
      <failure message="Timed out retrying after 4000ms: Expected to find element: `#reka-popover-trigger-v-2`, but never found it." type="AssertionError"><![CDATA[AssertionError: Timed out retrying after 4000ms: Expected to find element: `#reka-popover-trigger-v-2`, but never found it.
    at Context.eval (webpack://em_cypress/./cypress/e2e/EasyMap_TestLibrary/AT.D-2.cy.js:117:5)]]></failure>
    </testcase>
    <testcase name="AT.D-2-Humidity" time="0.000" classname="AT.D-2-Humidity">
      <failure message="Timed out retrying after 4000ms: Expected to find element: `#reka-popover-trigger-v-2`, but never found it." type="AssertionError"><![CDATA[AssertionError: Timed out retrying after 4000ms: Expected to find element: `#reka-popover-trigger-v-2`, but never found it.
    at Context.eval (webpack://em_cypress/./cypress/e2e/EasyMap_TestLibrary/AT.D-2.cy.js:233:5)]]></failure>
    </testcase>
  </testsuite>
</testsuites>